


ARM Macro Assembler    Page 1 


    1 00000000                 AREA             |.text|, CODE, READONLY
    2 00000000                 THUMB
    3 00000000                 EXPORT           UART2_SendChar_A
    4 00000000                 EXPORT           USART2_IRQHandler
    5 00000000         
    6 00000000         ; Bien toàn cuc
    7 00000000                 IMPORT           received_data_2_A
    8 00000000                 IMPORT           uart_received_2_A
    9 00000000                 IMPORT           tx_char_2_A
   10 00000000         
   11 00000000         ; USART2 address
   12 00000000 40004400 
                       USART2_SR
                               EQU              0x40004400
   13 00000000 40004404 
                       USART2_DR
                               EQU              0x40004404
   14 00000000 4000440C 
                       USART2_CR1
                               EQU              0x4000440C
   15 00000000         
   16 00000000         ; UART2_SendChar_A
   17 00000000         UART2_SendChar_A
   18 00000000 B500            PUSH             {lr}        ; Luu liên k?t
   19 00000002         
   20 00000002         ; Luu ký tu vào bien toàn cuc tx_char_2_A
   21 00000002 4913            LDR              r1, =tx_char_2_A
   22 00000004 7008            STRB             r0, [r1]
   23 00000006         
   24 00000006         ; Bat ngat TXE
   25 00000006 4913            LDR              r1, =USART2_CR1
   26 00000008 680A            LDR              r2, [r1]
   27 0000000A F042 0280       ORR              r2, r2, #(1 << 7) ; Bit TXEIE (
                                                            bit 7) trong USART_
                                                            CR1
   28 0000000E 600A            STR              r2, [r1]
   29 00000010         
   30 00000010 BD00            POP              {pc}        ; Khôi phuc liên ke
                                                            t và tro ve
   31 00000012         
   32 00000012         ; Trình xu ly ngat USART2
   33 00000012         USART2_IRQHandler
   34 00000012 B500            PUSH             {lr}        ; Luu liên ket
   35 00000014         
   36 00000014         ; Xu lý ngat TXE
   37 00000014 4910            LDR              r1, =USART2_SR
   38 00000016 680A            LDR              r2, [r1]
   39 00000018 F012 0F80       TST              r2, #(1 << 7) ; Kiem tra bit TX
                                                            E trong USART_SR
   40 0000001C D008            BEQ              check_rxne  ; Neu không có ngat
                                                             TXE, kiem tra RXNE
                                                            
   41 0000001E         
   42 0000001E         ; Ðoc ký tu tu bien tx_char_2_A
   43 0000001E 490C            LDR              r1, =tx_char_2_A
   44 00000020 780B            LDRB             r3, [r1]
   45 00000022         
   46 00000022         ; Gui ký tu qua USART2
   47 00000022 490E            LDR              r1, =USART2_DR



ARM Macro Assembler    Page 2 


   48 00000024 700B            STRB             r3, [r1]
   49 00000026         
   50 00000026         ; Vô hieu hóa ngat TXE
   51 00000026 490B            LDR              r1, =USART2_CR1
   52 00000028 680A            LDR              r2, [r1]
   53 0000002A F022 0280       BIC              r2, r2, #(1 << 7) ; Tat bit TXE
                                                            IE (bit 7) trong US
                                                            ART_CR1
   54 0000002E 600A            STR              r2, [r1]
   55 00000030         
   56 00000030         check_rxne
   57 00000030         ; Kiem tra RXNE
   58 00000030 4909            LDR              r1, =USART2_SR
   59 00000032 680A            LDR              r2, [r1]
   60 00000034 F012 0F20       TST              r2, #(1 << 5) ; Kiem tra bit RX
                                                            NE trong USART_SR
   61 00000038 D007            BEQ              end_irq     ; Neu không có ngat
                                                             RXNE, ket thúc nga
                                                            t
   62 0000003A         
   63 0000003A         ; Ðoc ký tu tu USART2
   64 0000003A 4908            LDR              r1, =USART2_DR
   65 0000003C 780A            LDRB             r2, [r1]
   66 0000003E         
   67 0000003E         ; Luu ký tu vào bien toàn cuc
   68 0000003E 4908            LDR              r1, =received_data_2_A
   69 00000040 700A            STRB             r2, [r1]
   70 00000042         
   71 00000042         ; Ðat co uart_received_2_A
   72 00000042 4908            LDR              r1, =uart_received_2_A
   73 00000044 F04F 0201       MOV              r2, #1
   74 00000048 700A            STRB             r2, [r1]
   75 0000004A         
   76 0000004A         end_irq
   77 0000004A F85D EB04       POP              {lr}
   78 0000004E 4770            BX               lr          ; Khôi phuc liên ke
                                                            t và tro ve
   79 00000050         
   80 00000050                 END
              00000000 
              4000440C 
              40004400 
              40004404 
              00000000 
              00000000 
Command Line: --debug --xref --diag_suppress=9931,A1950W --cpu=Cortex-M3 --depe
nd=.\objects\uart2_functions.d -o.\objects\uart2_functions.o -I..\Lab10_SpaceIn
vaders -I.\RTE\Device\STM32F103C8 -I.\RTE\_Target_1 -I"C:\Users\Vu Duy Phuong\A
ppData\Local\Arm\Packs\ARM\CMSIS\6.1.0\CMSIS\Core\Include" -I"C:\Users\Vu Duy P
huong\AppData\Local\Arm\Packs\Keil\STM32F1xx_DFP\2.4.1\Device\Include" --predef
ine="__UVISION_VERSION SETA 540" --predefine="STM32F10X_MD SETA 1" --predefine=
"_RTE_ SETA 1" --list=.\listings\uart2_functions.lst uart2_functions.s



ARM Macro Assembler    Page 1 Alphabetic symbol ordering
Relocatable symbols

.text 00000000

Symbol: .text
   Definitions
      At line 1 in file uart2_functions.s
   Uses
      None
Comment: .text unused
UART2_SendChar_A 00000000

Symbol: UART2_SendChar_A
   Definitions
      At line 17 in file uart2_functions.s
   Uses
      At line 3 in file uart2_functions.s
Comment: UART2_SendChar_A used once
USART2_IRQHandler 00000012

Symbol: USART2_IRQHandler
   Definitions
      At line 33 in file uart2_functions.s
   Uses
      At line 4 in file uart2_functions.s
Comment: USART2_IRQHandler used once
check_rxne 00000030

Symbol: check_rxne
   Definitions
      At line 56 in file uart2_functions.s
   Uses
      At line 40 in file uart2_functions.s
Comment: check_rxne used once
end_irq 0000004A

Symbol: end_irq
   Definitions
      At line 76 in file uart2_functions.s
   Uses
      At line 61 in file uart2_functions.s
Comment: end_irq used once
5 symbols



ARM Macro Assembler    Page 1 Alphabetic symbol ordering
Absolute symbols

USART2_CR1 4000440C

Symbol: USART2_CR1
   Definitions
      At line 14 in file uart2_functions.s
   Uses
      At line 25 in file uart2_functions.s
      At line 51 in file uart2_functions.s

USART2_DR 40004404

Symbol: USART2_DR
   Definitions
      At line 13 in file uart2_functions.s
   Uses
      At line 47 in file uart2_functions.s
      At line 64 in file uart2_functions.s

USART2_SR 40004400

Symbol: USART2_SR
   Definitions
      At line 12 in file uart2_functions.s
   Uses
      At line 37 in file uart2_functions.s
      At line 58 in file uart2_functions.s

3 symbols



ARM Macro Assembler    Page 1 Alphabetic symbol ordering
External symbols

received_data_2_A 00000000

Symbol: received_data_2_A
   Definitions
      At line 7 in file uart2_functions.s
   Uses
      At line 68 in file uart2_functions.s
Comment: received_data_2_A used once
tx_char_2_A 00000000

Symbol: tx_char_2_A
   Definitions
      At line 9 in file uart2_functions.s
   Uses
      At line 21 in file uart2_functions.s
      At line 43 in file uart2_functions.s

uart_received_2_A 00000000

Symbol: uart_received_2_A
   Definitions
      At line 8 in file uart2_functions.s
   Uses
      At line 72 in file uart2_functions.s
Comment: uart_received_2_A used once
3 symbols
346 symbols in table
